TN:
SF:src/App.tsx
FN:1,(empty-report)
FNF:1
FNH:0
FNDA:0,(empty-report)
DA:1,0
DA:2,0
DA:3,0
DA:4,0
DA:5,0
DA:6,0
DA:7,0
DA:8,0
DA:9,0
DA:10,0
DA:11,0
DA:12,0
DA:13,0
DA:14,0
DA:15,0
DA:16,0
DA:17,0
DA:18,0
DA:19,0
DA:20,0
DA:21,0
DA:22,0
DA:23,0
DA:24,0
DA:25,0
DA:26,0
DA:27,0
DA:29,0
DA:31,0
DA:32,0
DA:33,0
DA:34,0
DA:35,0
DA:36,0
DA:37,0
DA:38,0
DA:39,0
DA:40,0
DA:41,0
DA:42,0
DA:43,0
DA:44,0
DA:45,0
DA:46,0
DA:47,0
DA:48,0
DA:49,0
DA:50,0
DA:51,0
DA:52,0
DA:53,0
DA:54,0
DA:55,0
DA:56,0
DA:57,0
DA:59,0
DA:61,0
DA:67,0
LF:58
LH:0
BRDA:1,0,0,0
BRF:1
BRH:0
end_of_record
TN:
SF:src/main.tsx
FN:1,(empty-report)
FNF:1
FNH:0
FNDA:0,(empty-report)
DA:1,0
DA:2,0
DA:3,0
DA:5,0
LF:4
LH:0
BRDA:1,0,0,0
BRF:1
BRH:0
end_of_record
TN:
SF:src/pages/AdminInventory.tsx
FN:42,AdminInventory
FN:57,queryFn
FN:85,mutationFn
FN:98,onMutate
FN:109,onSuccess
FN:114,onError
FN:142,onClick
FN:153,mutationFn
FN:161,onMutate
FN:171,onSuccess
FN:176,onError
FN:184,mutationFn
FN:215,onMutate
FN:229,onSuccess
FN:235,onError
FN:250,onClick
FN:254,onClick
FN:268,onChange
FN:441,onClick
FN:442,onClick
FNF:20
FNH:2
FNDA:3,AdminInventory
FNDA:2,queryFn
FNDA:0,mutationFn
FNDA:0,onMutate
FNDA:0,onSuccess
FNDA:0,onError
FNDA:0,onClick
FNDA:0,mutationFn
FNDA:0,onMutate
FNDA:0,onSuccess
FNDA:0,onError
FNDA:0,mutationFn
FNDA:0,onMutate
FNDA:0,onSuccess
FNDA:0,onError
FNDA:0,onClick
FNDA:0,onClick
FNDA:0,onChange
FNDA:0,onClick
FNDA:0,onClick
DA:1,1
DA:42,1
DA:43,3
DA:44,3
DA:45,3
DA:47,3
DA:48,3
DA:50,3
DA:51,3
DA:52,3
DA:53,3
DA:55,3
DA:56,3
DA:57,3
DA:58,2
DA:59,2
DA:61,2
DA:62,2
DA:63,2
DA:64,2
DA:65,2
DA:66,2
DA:68,2
DA:70,2
DA:71,2
DA:72,2
DA:73,2
DA:74,2
DA:75,2
DA:77,2
DA:78,2
DA:79,3
DA:81,3
DA:83,3
DA:84,3
DA:85,3
DA:86,0
DA:87,0
DA:88,0
DA:89,0
DA:90,0
DA:91,0
DA:92,0
DA:93,0
DA:94,0
DA:95,0
DA:96,0
DA:97,0
DA:98,3
DA:99,0
DA:100,0
DA:101,0
DA:102,0
DA:103,0
DA:104,0
DA:105,0
DA:106,0
DA:107,0
DA:108,0
DA:109,3
DA:110,0
DA:111,0
DA:112,0
DA:113,0
DA:114,3
DA:115,0
DA:116,0
DA:117,0
DA:118,3
DA:120,3
DA:121,3
DA:122,3
DA:123,3
DA:124,1
DA:125,1
DA:126,1
DA:127,1
DA:128,3
DA:130,3
DA:131,1
DA:132,1
DA:133,1
DA:136,1
DA:138,2
DA:139,1
DA:140,1
DA:141,1
DA:142,1
DA:145,1
DA:147,3
DA:149,3
DA:151,3
DA:152,3
DA:153,3
DA:154,0
DA:155,0
DA:156,0
DA:157,0
DA:158,0
DA:159,0
DA:160,0
DA:161,3
DA:162,0
DA:163,0
DA:164,0
DA:165,0
DA:166,0
DA:167,0
DA:168,0
DA:169,0
DA:170,0
DA:171,3
DA:172,0
DA:173,0
DA:174,0
DA:175,0
DA:176,3
DA:177,0
DA:178,0
DA:179,0
DA:180,3
DA:182,3
DA:183,3
DA:184,3
DA:185,0
DA:186,0
DA:187,0
DA:188,0
DA:189,0
DA:190,0
DA:191,0
DA:192,0
DA:193,0
DA:194,0
DA:195,0
DA:196,0
DA:197,0
DA:198,0
DA:199,0
DA:200,0
DA:201,0
DA:202,0
DA:203,0
DA:204,0
DA:205,0
DA:206,0
DA:207,0
DA:208,0
DA:209,0
DA:210,0
DA:211,0
DA:212,0
DA:213,0
DA:214,0
DA:215,3
DA:216,0
DA:217,0
DA:218,0
DA:219,0
DA:220,0
DA:221,0
DA:222,0
DA:223,0
DA:224,0
DA:225,0
DA:226,0
DA:227,0
DA:228,0
DA:229,3
DA:230,0
DA:231,0
DA:232,0
DA:233,0
DA:234,0
DA:235,3
DA:236,0
DA:237,0
DA:238,0
DA:239,3
DA:241,3
DA:242,3
DA:243,3
DA:244,3
DA:245,3
DA:246,3
DA:247,3
DA:249,3
DA:250,3
DA:251,3
DA:254,3
DA:255,3
DA:261,3
DA:262,3
DA:263,3
DA:264,3
DA:265,3
DA:266,3
DA:267,3
DA:268,3
DA:271,3
DA:272,3
DA:273,3
DA:275,3
DA:276,3
DA:277,3
DA:278,3
DA:284,3
DA:285,3
DA:286,3
DA:287,3
DA:288,3
DA:289,3
DA:290,3
DA:291,3
DA:292,3
DA:293,3
DA:294,3
DA:295,3
DA:296,3
DA:299,3
DA:300,3
DA:301,1
DA:302,1
DA:303,1
DA:306,3
DA:307,0
DA:308,0
DA:313,0
DA:314,0
DA:315,0
DA:316,0
DA:317,0
DA:318,0
DA:319,0
DA:320,0
DA:321,0
DA:322,0
DA:323,0
DA:324,0
DA:325,0
DA:326,0
DA:327,0
DA:328,0
DA:329,0
DA:330,0
DA:331,0
DA:332,0
DA:333,0
DA:334,0
DA:335,0
DA:337,0
DA:339,0
DA:340,0
DA:341,0
DA:342,0
DA:343,0
DA:344,0
DA:346,0
DA:347,0
DA:348,0
DA:351,0
DA:352,0
DA:353,0
DA:354,0
DA:358,0
DA:359,0
DA:360,0
DA:361,0
DA:362,0
DA:363,0
DA:364,0
DA:365,0
DA:366,0
DA:367,0
DA:370,0
DA:371,0
DA:372,0
DA:373,0
DA:374,0
DA:375,0
DA:376,0
DA:377,0
DA:378,0
DA:379,0
DA:380,0
DA:383,0
DA:384,0
DA:385,0
DA:386,0
DA:387,0
DA:388,0
DA:389,0
DA:392,0
DA:393,0
DA:394,0
DA:395,0
DA:396,0
DA:397,0
DA:400,0
DA:403,0
DA:404,0
DA:405,0
DA:406,0
DA:409,0
DA:410,0
DA:411,0
DA:412,0
DA:416,0
DA:417,0
DA:418,0
DA:419,0
DA:420,0
DA:421,0
DA:430,0
DA:436,3
DA:437,3
DA:438,3
DA:440,3
DA:441,3
DA:442,3
DA:448,3
LF:321
LH:129
BRDA:42,0,0,3
BRDA:48,1,0,1
BRDA:128,2,0,1
BRDA:130,3,0,2
BRDA:130,4,0,1
BRDA:138,5,0,1
BRDA:145,6,0,1
BRDA:147,7,0,0
BRDA:147,8,0,1
BRDA:251,9,0,1
BRDA:251,10,0,0
BRDA:277,11,0,0
BRDA:277,12,0,1
BRDA:300,13,0,1
BRDA:306,14,0,0
BRDA:57,15,0,2
BRDA:68,16,0,0
BRDA:74,17,0,0
BRDA:77,18,0,0
BRDA:77,19,0,0
BRDA:120,20,0,3
BRDA:121,21,0,1
BRDA:121,22,0,2
BRDA:123,23,0,1
BRDA:124,24,0,0
BRDA:124,25,0,0
BRDA:125,26,0,0
BRF:27
BRH:16
end_of_record
TN:
SF:src/pages/AdminNewProduct.tsx
FN:63,AdminNewProduct
FN:91,mutationFn
FN:179,onSuccess
FN:193,onError
FN:202,handleImageChange
FN:212,addColorVariant
FN:223,removeColorVariant
FN:227,updateColorVariant
FN:233,addCustomColor
FN:240,addSize
FN:246,removeSize
FN:250,addCustomSize
FN:257,handleSubmit
FN:296,onClick
FN:307,onClick
FN:337,onChange
FN:346,onValueChange
FN:365,onChange
FN:380,onChange
FN:392,onChange
FN:450,onClick
FN:461,onChange
FN:462,onKeyDown
FN:503,onClick
FN:524,onChange
FN:530,onChange
FN:604,onClick
FNF:27
FNH:1
FNDA:3,AdminNewProduct
FNDA:0,mutationFn
FNDA:0,onSuccess
FNDA:0,onError
FNDA:0,handleImageChange
FNDA:0,addColorVariant
FNDA:0,removeColorVariant
FNDA:0,updateColorVariant
FNDA:0,addCustomColor
FNDA:0,addSize
FNDA:0,removeSize
FNDA:0,addCustomSize
FNDA:0,handleSubmit
FNDA:0,onClick
FNDA:0,onClick
FNDA:0,onChange
FNDA:0,onValueChange
FNDA:0,onChange
FNDA:0,onChange
FNDA:0,onChange
FNDA:0,onClick
FNDA:0,onChange
FNDA:0,onKeyDown
FNDA:0,onClick
FNDA:0,onChange
FNDA:0,onChange
FNDA:0,onClick
DA:1,1
DA:17,1
DA:18,1
DA:19,1
DA:20,1
DA:21,1
DA:22,1
DA:23,1
DA:24,1
DA:25,1
DA:26,1
DA:27,1
DA:28,1
DA:30,1
DA:31,1
DA:32,1
DA:33,1
DA:34,1
DA:35,1
DA:36,1
DA:37,1
DA:38,1
DA:39,1
DA:40,1
DA:41,1
DA:42,1
DA:43,1
DA:45,1
DA:47,1
DA:48,1
DA:49,1
DA:50,1
DA:51,1
DA:52,1
DA:53,1
DA:63,1
DA:64,3
DA:65,3
DA:66,3
DA:67,3
DA:68,3
DA:70,3
DA:72,3
DA:73,3
DA:74,3
DA:75,3
DA:76,3
DA:77,3
DA:78,3
DA:79,3
DA:81,3
DA:82,3
DA:83,3
DA:84,3
DA:86,3
DA:87,3
DA:88,3
DA:90,3
DA:91,3
DA:97,0
DA:99,0
DA:100,0
DA:102,0
DA:103,0
DA:104,0
DA:105,0
DA:106,0
DA:107,0
DA:108,0
DA:109,0
DA:110,0
DA:111,0
DA:112,0
DA:113,0
DA:114,0
DA:115,0
DA:116,0
DA:117,0
DA:118,0
DA:120,0
DA:122,0
DA:124,0
DA:125,0
DA:126,0
DA:127,0
DA:128,0
DA:130,0
DA:131,0
DA:132,0
DA:133,0
DA:134,0
DA:135,0
DA:136,0
DA:138,0
DA:140,0
DA:141,0
DA:142,0
DA:144,0
DA:146,0
DA:147,0
DA:148,0
DA:149,0
DA:150,0
DA:152,0
DA:153,0
DA:155,0
DA:156,0
DA:157,0
DA:158,0
DA:159,0
DA:160,0
DA:161,0
DA:162,0
DA:163,0
DA:164,0
DA:165,0
DA:166,0
DA:167,0
DA:168,0
DA:170,0
DA:171,0
DA:172,0
DA:174,0
DA:175,0
DA:177,0
DA:178,0
DA:179,3
DA:180,0
DA:181,0
DA:182,0
DA:183,0
DA:185,0
DA:186,0
DA:187,0
DA:188,0
DA:190,0
DA:191,0
DA:192,0
DA:193,3
DA:194,0
DA:195,0
DA:196,0
DA:197,0
DA:198,0
DA:199,0
DA:200,3
DA:202,3
DA:203,0
DA:204,0
DA:205,0
DA:206,0
DA:207,0
DA:208,0
DA:209,0
DA:210,0
DA:212,3
DA:213,0
DA:214,0
DA:215,0
DA:216,0
DA:217,0
DA:218,0
DA:219,0
DA:220,0
DA:221,0
DA:223,3
DA:224,0
DA:225,0
DA:227,3
DA:228,0
DA:229,0
DA:231,0
DA:233,3
DA:234,0
DA:235,0
DA:236,0
DA:237,0
DA:238,0
DA:240,3
DA:241,0
DA:242,0
DA:243,0
DA:244,0
DA:246,3
DA:247,0
DA:248,0
DA:250,3
DA:251,0
DA:252,0
DA:253,0
DA:254,0
DA:255,0
DA:257,3
DA:258,0
DA:260,0
DA:261,0
DA:262,0
DA:263,0
DA:264,0
DA:265,0
DA:266,0
DA:267,0
DA:269,0
DA:270,0
DA:271,0
DA:272,0
DA:273,0
DA:274,0
DA:275,0
DA:276,0
DA:277,0
DA:278,0
DA:279,0
DA:280,0
DA:281,0
DA:282,0
DA:284,3
DA:285,1
DA:286,1
DA:287,1
DA:290,1
DA:292,2
DA:293,1
DA:294,1
DA:295,1
DA:296,1
DA:299,1
DA:301,1
DA:302,1
DA:303,1
DA:304,1
DA:305,1
DA:306,1
DA:307,1
DA:308,0
DA:309,0
DA:310,0
DA:311,0
DA:312,0
DA:313,0
DA:315,1
DA:317,1
DA:318,1
DA:319,1
DA:323,1
DA:325,1
DA:326,1
DA:327,1
DA:328,1
DA:330,1
DA:331,1
DA:332,1
DA:333,1
DA:334,1
DA:335,1
DA:336,1
DA:337,1
DA:338,1
DA:339,1
DA:342,1
DA:343,1
DA:344,1
DA:345,1
DA:346,1
DA:348,1
DA:349,1
DA:351,1
DA:352,1
DA:353,1
DA:360,1
DA:361,1
DA:362,1
DA:363,1
DA:364,1
DA:365,1
DA:366,1
DA:367,1
DA:371,1
DA:372,1
DA:373,1
DA:374,1
DA:375,1
DA:376,1
DA:377,1
DA:378,1
DA:379,1
DA:380,1
DA:381,1
DA:382,1
DA:385,1
DA:386,1
DA:387,1
DA:388,1
DA:389,1
DA:390,1
DA:391,1
DA:392,1
DA:393,1
DA:401,1
DA:402,1
DA:403,1
DA:404,1
DA:406,1
DA:407,1
DA:408,1
DA:409,0
DA:410,0
DA:411,0
DA:412,0
DA:415,3
DA:416,3
DA:419,3
DA:420,3
DA:421,3
DA:422,3
DA:423,3
DA:424,3
DA:425,3
DA:426,3
DA:428,3
DA:437,3
DA:438,3
DA:439,3
DA:440,3
DA:442,3
DA:443,3
DA:444,3
DA:445,3
DA:446,3
DA:447,3
DA:448,3
DA:449,3
DA:450,3
DA:452,3
DA:457,3
DA:458,3
DA:459,3
DA:460,3
DA:461,3
DA:462,3
DA:463,3
DA:465,3
DA:466,3
DA:470,3
DA:471,3
DA:472,3
DA:473,3
DA:474,3
DA:475,3
DA:476,3
DA:477,3
DA:487,3
DA:488,3
DA:489,3
DA:490,3
DA:492,3
DA:494,3
DA:495,3
DA:496,3
DA:497,3
DA:498,3
DA:499,3
DA:500,3
DA:501,3
DA:502,3
DA:503,3
DA:504,3
DA:505,3
DA:507,3
DA:508,3
DA:509,3
DA:511,3
DA:518,3
DA:519,3
DA:520,3
DA:521,3
DA:522,3
DA:523,3
DA:524,3
DA:525,3
DA:527,3
DA:528,3
DA:529,3
DA:530,3
DA:531,3
DA:533,3
DA:534,3
DA:540,3
DA:541,3
DA:542,3
DA:543,3
DA:544,3
DA:545,3
DA:546,3
DA:547,3
DA:549,3
DA:550,3
DA:551,3
DA:552,3
DA:553,3
DA:554,3
DA:555,3
DA:558,3
DA:559,3
DA:560,3
DA:561,3
DA:562,3
DA:563,3
DA:564,3
DA:565,3
DA:568,3
DA:569,3
DA:570,3
DA:571,3
DA:572,3
DA:573,3
DA:574,3
DA:575,3
DA:576,3
DA:577,3
DA:578,3
DA:579,3
DA:583,3
DA:584,3
DA:585,3
DA:586,3
DA:587,3
DA:588,3
DA:590,3
DA:600,3
DA:601,3
DA:602,3
DA:603,3
DA:604,3
DA:605,3
DA:606,3
DA:609,3
DA:610,3
DA:611,3
DA:613,3
DA:614,0
DA:615,0
DA:619,0
DA:627,3
LF:444
LH:286
BRDA:63,0,0,3
BRDA:70,1,0,1
BRDA:284,2,0,2
BRDA:284,3,0,1
BRDA:292,4,0,1
BRDA:299,5,0,1
BRDA:408,6,0,0
BRDA:611,7,0,1
BRDA:611,8,0,0
BRDA:611,9,0,0
BRDA:613,10,0,0
BRDA:619,11,0,1
BRDA:448,12,0,0
BRF:13
BRH:8
end_of_record
TN:
SF:src/pages/AdminOrderDetail.tsx
FN:51,AdminOrderDetail
FN:61,queryFn
FN:76,queryFn
FN:90,mutationFn
FN:98,onSuccess
FN:103,onError
FN:116,onClick
FN:125,onClick
FN:136,onClick
FN:156,onValueChange
FN:171,onBlur
FNF:11
FNH:1
FNDA:2,AdminOrderDetail
FNDA:0,queryFn
FNDA:0,queryFn
FNDA:0,mutationFn
FNDA:0,onSuccess
FNDA:0,onError
FNDA:0,onClick
FNDA:0,onClick
FNDA:0,onClick
FNDA:0,onValueChange
FNDA:0,onBlur
DA:1,1
DA:14,1
DA:15,1
DA:16,1
DA:17,1
DA:18,1
DA:19,1
DA:20,1
DA:21,1
DA:22,1
DA:51,1
DA:52,2
DA:53,2
DA:54,2
DA:55,2
DA:56,2
DA:57,2
DA:59,2
DA:60,2
DA:61,2
DA:62,0
DA:63,0
DA:64,0
DA:65,0
DA:66,0
DA:67,0
DA:68,0
DA:69,0
DA:70,0
DA:71,2
DA:72,2
DA:74,2
DA:75,2
DA:76,2
DA:77,0
DA:78,0
DA:79,0
DA:80,0
DA:81,0
DA:82,0
DA:83,0
DA:84,0
DA:85,0
DA:86,2
DA:87,2
DA:89,2
DA:90,2
DA:91,0
DA:92,0
DA:93,0
DA:94,0
DA:95,0
DA:96,0
DA:97,0
DA:98,2
DA:99,0
DA:100,0
DA:101,0
DA:102,0
DA:103,2
DA:104,2
DA:106,2
DA:107,1
DA:108,1
DA:110,1
DA:112,2
DA:113,1
DA:114,1
DA:115,1
DA:116,1
DA:119,1
DA:121,0
DA:122,0
DA:123,0
DA:124,0
DA:125,0
DA:128,0
DA:130,0
DA:131,0
DA:132,0
DA:133,0
DA:134,0
DA:135,0
DA:136,0
DA:137,0
DA:138,0
DA:139,0
DA:140,0
DA:141,0
DA:142,0
DA:144,0
DA:146,0
DA:147,0
DA:148,2
DA:152,2
DA:153,2
DA:154,2
DA:155,2
DA:156,2
DA:157,2
DA:158,2
DA:159,2
DA:162,2
DA:165,2
DA:166,2
DA:167,2
DA:168,2
DA:169,2
DA:170,2
DA:171,2
DA:177,2
DA:178,2
DA:179,2
DA:180,2
DA:181,0
DA:182,0
DA:183,0
DA:184,0
DA:185,0
DA:188,0
DA:192,2
DA:193,2
DA:194,2
DA:195,2
DA:196,2
DA:197,2
DA:198,2
DA:200,2
DA:201,2
DA:202,2
DA:206,2
DA:207,2
DA:214,2
LF:133
LH:76
BRDA:51,0,0,2
BRDA:106,1,0,1
BRDA:106,2,0,1
BRDA:112,3,0,0
BRDA:112,4,0,1
BRDA:119,5,0,0
BRDA:148,6,0,0
BRDA:148,7,0,0
BRDA:148,8,0,0
BRDA:169,9,0,0
BRDA:195,10,0,0
BRDA:206,11,0,0
BRF:12
BRH:4
end_of_record
TN:
SF:src/pages/AdminOrders.tsx
FN:45,AdminOrders
FN:58,queryFn
FN:79,run
FN:100,run
FN:126,mutationFn
FN:133,onSuccess
FN:137,onError
FN:143,mutationFn
FN:193,onSuccess
FN:198,onError
FN:201,openEdit
FN:209,statusColor
FN:240,onClick
FN:290,onChange
FN:295,onChange
FN:299,onChange
FN:390,onChange
FN:394,onChange
FN:398,onClick
FN:399,onClick
FNF:20
FNH:4
FNDA:5,AdminOrders
FNDA:1,queryFn
FNDA:2,run
FNDA:2,run
FNDA:0,mutationFn
FNDA:0,onSuccess
FNDA:0,onError
FNDA:0,mutationFn
FNDA:0,onSuccess
FNDA:0,onError
FNDA:0,openEdit
FNDA:0,statusColor
FNDA:0,onClick
FNDA:0,onChange
FNDA:0,onChange
FNDA:0,onChange
FNDA:0,onChange
FNDA:0,onChange
FNDA:0,onClick
FNDA:0,onClick
DA:1,1
DA:35,1
DA:36,1
DA:37,1
DA:38,1
DA:39,1
DA:40,1
DA:41,1
DA:42,1
DA:43,1
DA:45,1
DA:46,5
DA:47,5
DA:48,5
DA:49,5
DA:51,5
DA:52,5
DA:53,5
DA:55,5
DA:56,5
DA:57,5
DA:58,5
DA:59,1
DA:60,1
DA:61,1
DA:62,1
DA:63,1
DA:64,1
DA:65,1
DA:66,1
DA:67,1
DA:68,1
DA:69,0
DA:70,0
DA:71,0
DA:72,1
DA:73,1
DA:74,5
DA:76,5
DA:77,5
DA:78,5
DA:79,2
DA:80,2
DA:81,2
DA:82,2
DA:83,0
DA:84,0
DA:85,0
DA:86,0
DA:87,2
DA:88,0
DA:89,0
DA:90,0
DA:91,0
DA:92,2
DA:93,2
DA:94,2
DA:95,5
DA:97,5
DA:98,5
DA:99,5
DA:100,2
DA:101,2
DA:102,2
DA:103,2
DA:104,0
DA:105,0
DA:106,0
DA:107,0
DA:108,2
DA:109,0
DA:110,0
DA:111,0
DA:112,0
DA:113,2
DA:114,2
DA:115,2
DA:116,5
DA:118,5
DA:119,5
DA:120,5
DA:121,5
DA:122,5
DA:123,5
DA:125,5
DA:126,5
DA:127,0
DA:128,0
DA:129,0
DA:130,0
DA:131,0
DA:132,0
DA:133,5
DA:134,0
DA:135,0
DA:136,0
DA:137,5
DA:138,0
DA:139,0
DA:140,5
DA:142,5
DA:143,5
DA:144,0
DA:145,0
DA:146,0
DA:147,0
DA:148,0
DA:149,0
DA:150,0
DA:151,0
DA:152,0
DA:153,0
DA:155,0
DA:156,0
DA:157,0
DA:158,0
DA:159,0
DA:160,0
DA:161,0
DA:162,0
DA:163,0
DA:164,0
DA:165,0
DA:166,0
DA:167,0
DA:168,0
DA:169,0
DA:170,0
DA:172,0
DA:173,0
DA:174,0
DA:175,0
DA:176,0
DA:177,0
DA:178,0
DA:179,0
DA:180,0
DA:181,0
DA:182,0
DA:183,0
DA:184,0
DA:185,0
DA:186,0
DA:187,0
DA:188,0
DA:189,0
DA:190,0
DA:191,0
DA:192,0
DA:193,5
DA:194,0
DA:195,0
DA:196,0
DA:197,0
DA:198,5
DA:199,5
DA:201,5
DA:202,0
DA:203,0
DA:204,0
DA:205,0
DA:206,0
DA:207,0
DA:209,5
DA:210,0
DA:211,0
DA:212,0
DA:213,0
DA:214,0
DA:215,0
DA:216,0
DA:217,0
DA:218,0
DA:219,0
DA:220,0
DA:222,5
DA:223,2
DA:224,2
DA:225,2
DA:226,2
DA:227,2
DA:228,5
DA:230,5
DA:231,2
DA:232,2
DA:234,2
DA:236,5
DA:237,1
DA:238,1
DA:239,1
DA:240,1
DA:243,1
DA:245,2
DA:246,2
DA:247,2
DA:248,0
DA:249,0
DA:251,0
DA:252,5
DA:253,5
DA:254,5
DA:255,5
DA:258,5
DA:259,5
DA:260,5
DA:261,5
DA:263,5
DA:264,5
DA:265,5
DA:267,5
DA:268,5
DA:269,5
DA:271,5
DA:272,5
DA:273,5
DA:277,5
DA:278,5
DA:279,5
DA:280,5
DA:281,5
DA:282,5
DA:283,5
DA:284,5
DA:288,5
DA:289,5
DA:290,5
DA:293,5
DA:294,5
DA:295,5
DA:297,5
DA:298,5
DA:299,5
DA:303,5
DA:304,5
DA:305,5
DA:306,5
DA:307,5
DA:308,5
DA:309,5
DA:310,5
DA:311,5
DA:312,5
DA:313,5
DA:314,5
DA:315,5
DA:318,5
DA:319,5
DA:320,2
DA:321,5
DA:322,5
DA:324,5
DA:325,5
DA:326,5
DA:327,5
DA:328,5
DA:330,5
DA:331,5
DA:332,5
DA:333,5
DA:334,5
DA:335,5
DA:336,5
DA:339,5
DA:340,5
DA:341,5
DA:342,5
DA:343,5
DA:344,5
DA:345,5
DA:346,5
DA:347,5
DA:350,5
DA:351,5
DA:352,5
DA:355,5
DA:356,5
DA:357,5
DA:358,5
DA:359,5
DA:360,5
DA:361,5
DA:373,5
DA:374,5
DA:375,5
DA:376,5
DA:378,5
DA:379,5
DA:380,5
DA:381,5
DA:382,5
DA:383,5
DA:384,5
DA:388,5
DA:389,5
DA:390,5
DA:392,5
DA:393,5
DA:394,5
DA:397,5
DA:398,5
DA:399,5
DA:406,5
LF:302
LH:201
BRDA:45,0,0,5
BRDA:56,1,0,0
BRDA:56,2,0,0
BRDA:57,3,0,2
BRDA:230,4,0,2
BRDA:234,5,0,3
BRDA:236,6,0,2
BRDA:236,7,0,1
BRDA:243,8,0,2
BRDA:247,9,0,0
BRDA:251,10,0,2
BRDA:319,11,0,2
BRDA:376,12,0,0
BRDA:376,13,0,2
BRDA:376,14,0,0
BRDA:399,15,0,0
BRDA:399,16,0,2
BRDA:58,17,0,1
BRDA:63,18,0,0
BRDA:64,19,0,0
BRDA:65,20,0,0
BRDA:65,21,0,0
BRDA:66,22,0,0
BRDA:66,23,0,0
BRDA:68,24,0,0
BRDA:72,25,0,0
BRDA:78,26,0,2
BRDA:79,27,0,2
BRDA:82,28,0,0
BRDA:87,29,0,0
BRDA:92,30,0,0
BRDA:99,31,0,2
BRDA:100,32,0,2
BRDA:103,33,0,0
BRDA:108,34,0,0
BRDA:113,35,0,0
BRDA:222,36,0,2
BRF:37
BRH:17
end_of_record
TN:
SF:src/pages/AdminProductEditor.tsx
FN:37,AdminProductEditor
FN:50,queryFn
FN:80,queryFn
FN:121,mutationFn
FN:136,onSuccess
FN:141,onError
FN:145,handleCopyStockAll
FN:151,handleCopyPriceAll
FN:157,handleExportCSV
FN:184,applySave
FN:206,discardChanges
FN:216,mutationFn
FN:234,onSuccess
FN:239,onError
FN:243,mutationFn
FN:270,onSuccess
FN:293,onError
FN:297,mutationFn
FN:338,onSuccess
FN:342,onError
FN:347,handleImportCSV
FN:390,mutationFn
FN:401,onSuccess
FN:405,onError
FN:411,mutationFn
FN:418,onSuccess
FN:422,onError
FN:439,onClick
FN:448,onClick
FN:462,handleAddVariant
FN:488,onClick
FN:512,onChange
FN:521,onChange
FN:532,onChange
FN:541,onChange
FN:549,onClick
FN:572,onChange
FN:582,onClick
FN:605,onChange
FNF:39
FNH:1
FNDA:5,AdminProductEditor
FNDA:0,queryFn
FNDA:0,queryFn
FNDA:0,mutationFn
FNDA:0,onSuccess
FNDA:0,onError
FNDA:0,handleCopyStockAll
FNDA:0,handleCopyPriceAll
FNDA:0,handleExportCSV
FNDA:0,applySave
FNDA:0,discardChanges
FNDA:0,mutationFn
FNDA:0,onSuccess
FNDA:0,onError
FNDA:0,mutationFn
FNDA:0,onSuccess
FNDA:0,onError
FNDA:0,mutationFn
FNDA:0,onSuccess
FNDA:0,onError
FNDA:0,handleImportCSV
FNDA:0,mutationFn
FNDA:0,onSuccess
FNDA:0,onError
FNDA:0,mutationFn
FNDA:0,onSuccess
FNDA:0,onError
FNDA:0,onClick
FNDA:0,onClick
FNDA:0,handleAddVariant
FNDA:0,onClick
FNDA:0,onChange
FNDA:0,onChange
FNDA:0,onChange
FNDA:0,onChange
FNDA:0,onClick
FNDA:0,onChange
FNDA:0,onClick
FNDA:0,onChange
DA:1,1
DA:2,1
DA:3,1
DA:4,1
DA:5,1
DA:6,1
DA:7,1
DA:8,1
DA:9,1
DA:10,1
DA:11,1
DA:12,1
DA:37,1
DA:38,5
DA:39,5
DA:40,5
DA:41,5
DA:42,5
DA:43,5
DA:45,5
DA:46,5
DA:48,5
DA:49,5
DA:50,5
DA:51,0
DA:52,0
DA:53,0
DA:54,0
DA:55,0
DA:56,0
DA:57,0
DA:58,0
DA:59,0
DA:60,5
DA:61,5
DA:63,5
DA:64,5
DA:65,5
DA:66,2
DA:67,5
DA:69,5
DA:70,5
DA:71,5
DA:72,5
DA:73,5
DA:74,5
DA:75,5
DA:77,5
DA:78,5
DA:79,5
DA:80,5
DA:81,0
DA:82,0
DA:83,0
DA:84,0
DA:85,0
DA:86,0
DA:87,0
DA:88,0
DA:89,0
DA:90,5
DA:91,5
DA:93,5
DA:94,5
DA:96,5
DA:97,5
DA:98,2
DA:99,5
DA:101,5
DA:102,5
DA:103,4
DA:104,4
DA:105,4
DA:106,0
DA:107,0
DA:108,0
DA:109,0
DA:110,0
DA:111,0
DA:112,0
DA:113,0
DA:114,0
DA:115,0
DA:116,4
DA:117,5
DA:119,5
DA:120,5
DA:121,5
DA:122,0
DA:123,0
DA:124,0
DA:125,0
DA:126,0
DA:127,0
DA:128,0
DA:129,0
DA:130,0
DA:131,0
DA:132,0
DA:133,0
DA:134,0
DA:135,0
DA:136,5
DA:137,0
DA:138,0
DA:139,0
DA:140,0
DA:141,5
DA:142,5
DA:144,5
DA:145,5
DA:146,0
DA:147,0
DA:148,0
DA:149,0
DA:151,5
DA:152,0
DA:153,0
DA:154,0
DA:155,0
DA:157,5
DA:158,0
DA:159,0
DA:160,0
DA:161,0
DA:162,0
DA:163,0
DA:164,0
DA:165,0
DA:166,0
DA:167,0
DA:168,0
DA:169,0
DA:170,0
DA:171,0
DA:172,0
DA:173,0
DA:174,0
DA:175,0
DA:176,0
DA:177,0
DA:178,0
DA:179,0
DA:180,0
DA:181,0
DA:183,5
DA:184,5
DA:185,0
DA:186,0
DA:187,0
DA:188,0
DA:189,0
DA:190,0
DA:191,0
DA:192,0
DA:193,0
DA:194,0
DA:195,0
DA:196,0
DA:197,0
DA:198,0
DA:199,0
DA:200,0
DA:201,0
DA:202,0
DA:203,0
DA:204,0
DA:206,5
DA:207,0
DA:208,0
DA:210,5
DA:212,5
DA:214,5
DA:215,5
DA:216,5
DA:217,0
DA:218,0
DA:219,0
DA:220,0
DA:221,0
DA:222,0
DA:223,0
DA:224,0
DA:225,0
DA:226,0
DA:227,0
DA:228,0
DA:229,0
DA:230,0
DA:231,0
DA:232,0
DA:233,0
DA:234,5
DA:235,0
DA:236,0
DA:237,0
DA:238,0
DA:239,5
DA:240,5
DA:242,5
DA:243,5
DA:244,0
DA:245,0
DA:246,0
DA:247,0
DA:248,0
DA:249,0
DA:250,0
DA:251,0
DA:252,0
DA:253,0
DA:254,0
DA:256,0
DA:257,0
DA:258,0
DA:259,0
DA:260,0
DA:261,0
DA:262,0
DA:263,0
DA:264,0
DA:265,0
DA:266,0
DA:267,0
DA:268,0
DA:269,0
DA:270,5
DA:271,0
DA:272,0
DA:273,0
DA:274,0
DA:275,0
DA:276,0
DA:277,0
DA:278,0
DA:279,0
DA:280,0
DA:281,0
DA:282,0
DA:283,0
DA:284,0
DA:285,0
DA:286,0
DA:287,0
DA:288,0
DA:289,0
DA:290,0
DA:291,0
DA:292,0
DA:293,5
DA:294,5
DA:296,5
DA:297,5
DA:298,0
DA:299,0
DA:300,0
DA:301,0
DA:302,0
DA:303,0
DA:304,0
DA:305,0
DA:306,0
DA:307,0
DA:308,0
DA:309,0
DA:310,0
DA:311,0
DA:313,0
DA:314,0
DA:315,0
DA:316,0
DA:317,0
DA:318,0
DA:319,0
DA:320,0
DA:321,0
DA:322,0
DA:323,0
DA:324,0
DA:325,0
DA:326,0
DA:327,0
DA:328,0
DA:330,0
DA:331,0
DA:332,0
DA:333,0
DA:334,0
DA:335,0
DA:336,0
DA:337,0
DA:338,5
DA:339,0
DA:340,0
DA:341,0
DA:342,5
DA:343,5
DA:345,5
DA:347,5
DA:348,0
DA:349,0
DA:350,0
DA:351,0
DA:352,0
DA:353,0
DA:354,0
DA:356,0
DA:357,0
DA:358,0
DA:359,0
DA:360,0
DA:361,0
DA:362,0
DA:363,0
DA:364,0
DA:365,0
DA:366,0
DA:367,0
DA:368,0
DA:369,0
DA:370,0
DA:372,0
DA:373,0
DA:374,0
DA:376,0
DA:377,0
DA:378,0
DA:379,0
DA:380,0
DA:381,0
DA:382,0
DA:383,0
DA:384,0
DA:385,0
DA:386,0
DA:389,5
DA:390,5
DA:391,0
DA:392,0
DA:393,0
DA:394,0
DA:395,0
DA:396,0
DA:397,0
DA:398,0
DA:399,0
DA:400,0
DA:401,5
DA:402,0
DA:403,0
DA:404,0
DA:405,5
DA:406,0
DA:407,0
DA:408,5
DA:410,5
DA:411,5
DA:412,0
DA:413,0
DA:414,0
DA:415,0
DA:416,0
DA:417,0
DA:418,5
DA:419,0
DA:420,0
DA:421,0
DA:422,5
DA:423,0
DA:424,0
DA:425,5
DA:427,5
DA:428,2
DA:429,2
DA:430,2
DA:433,2
DA:435,3
DA:436,1
DA:437,1
DA:438,1
DA:439,1
DA:442,1
DA:444,5
DA:445,2
DA:446,2
DA:447,2
DA:448,2
DA:451,2
DA:453,0
DA:454,0
DA:455,0
DA:456,0
DA:457,0
DA:458,0
DA:459,0
DA:460,0
DA:462,5
DA:463,0
DA:464,0
DA:465,0
DA:466,0
DA:467,0
DA:468,0
DA:469,0
DA:470,0
DA:471,0
DA:472,0
DA:473,0
DA:474,0
DA:475,0
DA:476,0
DA:477,0
DA:478,0
DA:479,0
DA:480,0
DA:482,5
DA:483,5
DA:484,5
DA:485,5
DA:486,5
DA:487,5
DA:488,5
DA:489,0
DA:490,0
DA:491,0
DA:492,0
DA:493,0
DA:494,0
DA:496,5
DA:498,5
DA:499,5
DA:500,5
DA:504,5
DA:505,5
DA:506,5
DA:507,5
DA:508,5
DA:509,5
DA:510,5
DA:511,5
DA:512,5
DA:513,5
DA:514,5
DA:517,5
DA:518,5
DA:519,5
DA:520,5
DA:521,5
DA:522,5
DA:523,5
DA:526,5
DA:527,5
DA:528,5
DA:529,5
DA:530,5
DA:531,5
DA:532,5
DA:533,5
DA:534,5
DA:537,5
DA:538,5
DA:539,5
DA:540,5
DA:541,5
DA:542,5
DA:543,5
DA:547,5
DA:548,5
DA:549,5
DA:550,5
DA:552,5
DA:559,5
DA:560,5
DA:561,5
DA:562,0
DA:564,5
DA:566,5
DA:567,5
DA:568,5
DA:571,5
DA:572,5
DA:573,0
DA:574,0
DA:575,0
DA:576,0
DA:577,5
DA:578,5
DA:579,5
DA:580,5
DA:581,5
DA:582,5
DA:583,0
DA:584,0
DA:585,0
DA:587,5
DA:592,5
DA:593,5
DA:594,5
DA:595,5
DA:596,5
DA:598,5
DA:599,5
DA:601,5
DA:602,5
DA:604,5
DA:605,5
DA:606,0
DA:607,0
DA:608,0
DA:609,0
DA:610,5
DA:611,5
DA:614,5
DA:615,5
DA:617,5
DA:620,5
DA:626,5
DA:627,5
DA:628,5
DA:629,5
DA:630,5
DA:631,5
DA:632,5
DA:633,5
DA:634,5
DA:635,5
DA:636,5
DA:637,5
DA:638,5
DA:639,5
DA:642,5
DA:643,5
DA:644,0
DA:645,0
DA:646,0
DA:649,5
DA:650,5
DA:651,5
DA:656,5
DA:657,5
DA:658,5
DA:659,5
DA:660,5
DA:661,5
DA:662,5
DA:665,5
DA:666,5
DA:667,5
DA:668,5
DA:669,5
DA:670,5
DA:671,5
DA:673,5
DA:674,5
DA:675,5
DA:676,5
DA:677,5
DA:678,5
DA:679,5
DA:680,5
DA:684,5
DA:685,5
DA:687,5
DA:688,5
DA:689,5
DA:690,5
DA:691,5
DA:692,5
DA:693,5
DA:694,5
DA:695,5
DA:696,5
DA:699,5
DA:700,5
DA:701,5
DA:702,5
DA:703,5
DA:704,5
DA:705,5
DA:706,5
DA:707,5
DA:708,5
DA:709,5
DA:710,5
DA:711,5
DA:714,5
DA:715,5
DA:716,5
DA:717,5
DA:719,5
DA:721,5
DA:722,5
DA:723,5
DA:724,5
DA:725,5
DA:726,5
DA:727,5
DA:728,5
DA:729,5
DA:730,5
DA:732,5
DA:733,5
DA:734,5
DA:735,5
DA:736,5
DA:741,5
DA:742,5
DA:743,5
DA:744,5
DA:746,5
DA:748,5
DA:749,5
DA:750,5
DA:751,5
DA:752,5
DA:753,5
DA:754,5
DA:755,5
DA:756,5
DA:757,5
DA:758,5
DA:763,5
DA:764,5
DA:765,5
DA:766,5
DA:768,5
DA:770,5
DA:771,5
DA:772,5
DA:773,5
DA:774,5
DA:775,5
DA:776,5
DA:777,5
DA:778,5
DA:779,5
DA:780,5
DA:785,5
DA:786,5
DA:787,5
DA:788,5
DA:791,5
DA:792,5
DA:793,5
DA:794,5
DA:795,5
DA:796,5
DA:797,5
DA:798,5
DA:799,5
DA:800,5
DA:801,5
DA:802,5
DA:803,5
DA:805,5
DA:817,5
DA:819,1
LF:657
LH:339
BRDA:37,0,0,5
BRDA:45,1,0,2
BRDA:60,2,0,0
BRDA:67,3,0,0
BRDA:90,4,0,0
BRDA:427,5,0,3
BRDA:427,6,0,2
BRDA:433,7,0,3
BRDA:435,8,0,1
BRDA:442,9,0,2
BRDA:444,10,0,2
BRDA:451,11,0,0
BRDA:499,12,0,0
BRDA:499,13,0,0
BRDA:561,14,0,0
BRDA:561,15,0,0
BRDA:595,16,0,0
BRDA:598,17,0,0
BRDA:601,18,0,0
BRDA:617,19,0,0
BRDA:620,20,0,0
BRDA:643,21,0,0
BRDA:65,22,0,2
BRDA:66,23,0,0
BRDA:97,24,0,2
BRDA:102,25,0,4
BRDA:103,26,0,0
BRDA:103,27,0,0
BRDA:105,28,0,0
BRDA:105,29,0,0
BRF:30
BRH:11
end_of_record
TN:
SF:src/pages/CaseStudies.tsx
FN:8,CaseStudies
FNF:1
FNH:1
FNDA:1,CaseStudies
DA:1,1
DA:2,1
DA:3,1
DA:4,1
DA:5,1
DA:6,1
DA:8,1
DA:9,1
DA:10,1
DA:11,1
DA:12,1
DA:13,1
DA:14,1
DA:15,1
DA:18,1
DA:19,1
DA:20,1
DA:21,1
DA:22,1
DA:26,1
DA:27,1
DA:28,1
DA:29,1
DA:30,1
DA:31,1
DA:33,1
DA:34,1
DA:35,1
DA:36,1
DA:39,1
DA:40,1
DA:41,1
DA:42,1
DA:44,1
DA:46,1
DA:47,1
DA:48,1
DA:49,1
DA:50,1
DA:51,1
DA:52,1
DA:55,1
DA:56,1
DA:57,1
DA:58,1
DA:59,1
DA:62,1
DA:63,1
DA:64,1
DA:65,1
DA:66,1
DA:78,1
DA:80,1
LF:53
LH:53
BRDA:8,0,0,1
BRF:1
BRH:1
end_of_record
TN:
SF:src/pages/CaseStudyArticle.tsx
FN:11,useCountUp
FN:18,step
FN:28,parseLeadingNumber
FN:33,CaseStudyArticle
FNF:4
FNH:4
FNDA:3,useCountUp
FNDA:3,step
FNDA:3,parseLeadingNumber
FNDA:1,CaseStudyArticle
DA:1,1
DA:2,1
DA:3,1
DA:4,1
DA:5,1
DA:6,1
DA:7,1
DA:8,1
DA:9,1
DA:11,1
DA:12,3
DA:13,3
DA:14,3
DA:15,3
DA:16,3
DA:17,3
DA:18,3
DA:19,3
DA:20,3
DA:21,3
DA:22,3
DA:23,3
DA:24,3
DA:25,3
DA:26,3
DA:28,1
DA:29,3
DA:30,3
DA:31,3
DA:33,1
DA:34,1
DA:35,1
DA:36,1
DA:37,1
DA:40,1
DA:41,1
DA:42,1
DA:44,1
DA:45,1
DA:46,1
DA:47,1
DA:48,1
DA:49,1
DA:50,1
DA:51,1
DA:53,1
DA:54,1
DA:55,1
DA:58,1
DA:59,1
DA:61,1
DA:62,1
DA:63,1
DA:65,1
DA:66,1
DA:68,1
DA:69,1
DA:70,1
DA:71,1
DA:73,1
DA:74,1
DA:77,1
DA:78,1
DA:79,1
DA:81,1
DA:82,1
DA:85,1
DA:86,1
DA:87,1
DA:89,1
DA:90,1
DA:98,1
DA:99,1
DA:101,1
DA:102,1
DA:103,1
DA:104,1
DA:106,1
DA:107,1
DA:108,1
DA:113,1
DA:114,1
DA:115,1
DA:116,1
DA:118,1
DA:119,1
DA:122,1
DA:123,1
DA:124,1
DA:126,1
DA:127,1
DA:132,1
DA:133,1
DA:134,1
DA:136,1
DA:137,1
DA:142,1
DA:143,1
DA:144,1
DA:146,1
DA:147,1
DA:148,1
DA:149,1
DA:150,1
DA:151,1
DA:152,1
DA:154,1
DA:162,1
DA:163,1
DA:164,1
DA:166,1
DA:167,1
DA:168,1
DA:169,1
DA:170,1
DA:171,1
DA:172,1
DA:173,1
DA:174,1
DA:175,1
DA:176,1
DA:177,1
DA:178,1
DA:180,1
DA:181,1
DA:182,1
DA:193,1
DA:194,1
DA:195,1
DA:196,1
DA:198,1
DA:199,1
DA:200,1
DA:201,1
DA:202,1
DA:203,1
DA:204,1
DA:205,1
DA:206,1
DA:212,1
DA:213,1
DA:214,1
DA:216,1
DA:217,1
DA:218,1
DA:219,1
DA:220,1
DA:225,1
DA:226,1
DA:227,1
DA:229,1
DA:230,1
DA:231,1
DA:232,1
DA:233,1
DA:242,1
DA:244,1
LF:157
LH:157
BRDA:11,0,0,3
BRDA:14,1,0,3
BRDA:15,2,0,0
BRDA:18,3,0,3
BRDA:28,4,0,3
BRDA:30,5,0,0
BRDA:33,6,0,1
BRDA:40,7,0,0
BRDA:41,8,0,0
BRDA:42,9,0,0
BRDA:48,10,0,0
BRDA:48,11,0,0
BRDA:59,12,0,0
BRDA:62,13,0,0
BRDA:63,14,0,0
BRDA:66,15,0,0
BRDA:71,16,0,0
BRDA:74,17,0,0
BRDA:74,18,0,0
BRDA:79,19,0,0
BRDA:82,20,0,0
BRDA:82,21,0,0
BRDA:87,22,0,0
BRDA:90,23,0,0
BRDA:90,24,0,0
BRDA:36,25,0,1
BRDA:36,26,0,3
BRDA:178,27,0,6
BRF:28
BRH:8
end_of_record
TN:
SF:src/pages/Catalog.tsx
FN:5,Catalog
FNF:1
FNH:1
FNDA:2,Catalog
DA:1,1
DA:2,1
DA:3,1
DA:5,1
DA:6,2
DA:7,2
DA:8,2
DA:9,2
DA:10,2
DA:11,2
DA:16,2
DA:18,1
LF:12
LH:12
BRDA:5,0,0,2
BRF:1
BRH:1
end_of_record
TN:
SF:src/pages/Customize.tsx
FN:5,Customize
FNF:1
FNH:1
FNDA:1,Customize
DA:1,1
DA:2,1
DA:3,1
DA:5,1
DA:6,1
DA:7,1
DA:8,1
DA:9,1
DA:10,1
DA:11,1
DA:12,1
DA:14,1
DA:15,1
DA:18,1
DA:19,1
DA:24,1
DA:26,1
LF:17
LH:17
BRDA:5,0,0,1
BRF:1
BRH:1
end_of_record
TN:
SF:src/pages/Dashboard.tsx
FN:9,Dashboard
FN:40,onClick
FN:71,onClick
FNF:3
FNH:1
FNDA:1,Dashboard
FNDA:0,onClick
FNDA:0,onClick
DA:1,1
DA:2,1
DA:3,1
DA:4,1
DA:5,1
DA:6,1
DA:7,1
DA:9,1
DA:10,1
DA:11,1
DA:13,1
DA:14,1
DA:15,1
DA:16,0
DA:17,0
DA:18,0
DA:19,1
DA:21,1
DA:23,1
DA:24,1
DA:25,1
DA:26,1
DA:27,1
DA:28,1
DA:30,1
DA:31,1
DA:32,1
DA:35,1
DA:36,1
DA:37,1
DA:38,1
DA:39,1
DA:40,1
DA:42,1
DA:43,1
DA:44,1
DA:45,1
DA:47,1
DA:48,1
DA:49,1
DA:50,1
DA:51,1
DA:52,1
DA:53,1
DA:55,1
DA:56,1
DA:57,1
DA:67,1
DA:68,1
DA:69,1
DA:70,1
DA:71,1
DA:73,1
DA:74,1
DA:75,1
DA:76,1
DA:78,1
DA:79,1
DA:80,1
DA:81,1
DA:82,1
DA:83,1
DA:84,1
DA:86,1
DA:87,1
DA:88,1
DA:98,1
DA:99,1
DA:100,1
DA:104,1
DA:110,1
DA:112,1
LF:72
LH:69
BRDA:9,0,0,1
BRDA:13,1,0,1
BRDA:15,2,0,0
BRDA:21,3,0,1
BRF:4
BRH:3
end_of_record
TN:
SF:src/pages/Designers.tsx
FN:5,Designers
FNF:1
FNH:1
FNDA:1,Designers
DA:1,1
DA:2,1
DA:3,1
DA:5,1
DA:6,1
DA:7,1
DA:8,1
DA:9,1
DA:10,1
DA:11,1
DA:16,1
DA:18,1
LF:12
LH:12
BRDA:5,0,0,1
BRF:1
BRH:1
end_of_record
TN:
SF:src/pages/Index.tsx
FN:10,Index
FNF:1
FNH:1
FNDA:2,Index
DA:1,1
DA:2,1
DA:3,1
DA:4,1
DA:5,1
DA:6,1
DA:7,1
DA:8,1
DA:10,1
DA:11,2
DA:12,2
DA:13,2
DA:15,2
DA:16,2
DA:19,2
DA:20,2
DA:24,2
DA:25,2
DA:27,2
DA:28,2
DA:30,2
DA:31,2
DA:34,2
DA:35,2
DA:36,2
DA:41,2
DA:43,1
LF:27
LH:27
BRDA:10,0,0,2
BRF:1
BRH:1
end_of_record
TN:
SF:src/pages/NotFound.tsx
FN:4,NotFound
FNF:1
FNH:1
FNDA:1,NotFound
DA:1,1
DA:2,1
DA:4,1
DA:5,1
DA:7,1
DA:8,1
DA:9,1
DA:10,1
DA:12,1
DA:14,1
DA:15,1
DA:16,1
DA:17,1
DA:18,1
DA:19,1
DA:25,1
DA:27,1
LF:17
LH:17
BRDA:4,0,0,1
BRDA:7,1,0,1
BRF:2
BRH:2
end_of_record
TN:
SF:src/pages/OrderDetails.tsx
FN:18,currency
FN:20,OrderDetails
FN:57,isImageUrl
FN:58,colorSwatch
FN:65,titleCase
FN:69,genUrls
FN:103,signUpdatePhotos
FN:121,canPay
FN:127,advanceStatus
FN:141,revertStatus
FN:155,submitUpdate
FN:179,postUpdateAndSetStatus
FN:220,run
FN:286,refetchPayments
FN:295,refetchOrder
FN:330,clearParams
FN:337,poll
FN:424,handlePay
FN:451,onClick
FN:717,onChange
FN:723,onChange
FN:731,onChange
FN:738,onChange
FN:742,onClick
FNF:24
FNH:4
FNDA:0,currency
FNDA:2,OrderDetails
FNDA:0,isImageUrl
FNDA:0,colorSwatch
FNDA:0,titleCase
FNDA:1,genUrls
FNDA:1,signUpdatePhotos
FNDA:0,canPay
FNDA:0,advanceStatus
FNDA:0,revertStatus
FNDA:0,submitUpdate
FNDA:0,postUpdateAndSetStatus
FNDA:1,run
FNDA:0,refetchPayments
FNDA:0,refetchOrder
FNDA:0,clearParams
FNDA:0,poll
FNDA:0,handlePay
FNDA:0,onClick
FNDA:0,onChange
FNDA:0,onChange
FNDA:0,onChange
FNDA:0,onChange
FNDA:0,onClick
DA:1,1
DA:2,1
DA:3,1
DA:4,1
DA:5,1
DA:6,1
DA:7,1
DA:8,1
DA:9,1
DA:10,1
DA:18,1
DA:20,1
DA:21,2
DA:22,2
DA:23,2
DA:24,2
DA:25,2
DA:26,2
DA:27,2
DA:28,2
DA:29,2
DA:30,2
DA:31,2
DA:33,2
DA:34,1
DA:35,1
DA:36,1
DA:37,1
DA:38,1
DA:39,2
DA:41,2
DA:42,1
DA:43,1
DA:44,1
DA:45,1
DA:46,1
DA:47,1
DA:48,1
DA:49,1
DA:50,2
DA:52,2
DA:53,1
DA:54,1
DA:55,2
DA:57,2
DA:58,2
DA:59,0
DA:60,0
DA:61,0
DA:62,0
DA:63,0
DA:64,0
DA:65,2
DA:67,2
DA:68,2
DA:69,1
DA:70,1
DA:71,1
DA:72,1
DA:73,1
DA:74,0
DA:75,0
DA:76,0
DA:77,0
DA:78,0
DA:79,0
DA:80,0
DA:81,0
DA:82,0
DA:83,0
DA:84,0
DA:85,0
DA:86,0
DA:87,0
DA:88,0
DA:89,0
DA:90,0
DA:91,0
DA:92,0
DA:93,0
DA:94,1
DA:95,0
DA:96,0
DA:97,1
DA:98,1
DA:99,2
DA:101,2
DA:102,2
DA:103,1
DA:104,1
DA:105,1
DA:106,1
DA:107,0
DA:108,0
DA:109,0
DA:110,0
DA:111,0
DA:112,0
DA:113,0
DA:114,1
DA:115,0
DA:116,0
DA:117,1
DA:118,1
DA:119,2
DA:121,2
DA:122,0
DA:123,0
DA:124,0
DA:125,0
DA:127,2
DA:128,0
DA:129,0
DA:130,0
DA:131,0
DA:132,0
DA:133,0
DA:134,0
DA:135,0
DA:136,0
DA:137,0
DA:138,0
DA:139,0
DA:141,2
DA:142,0
DA:143,0
DA:144,0
DA:145,0
DA:146,0
DA:147,0
DA:148,0
DA:149,0
DA:150,0
DA:151,0
DA:152,0
DA:153,0
DA:155,2
DA:156,0
DA:157,0
DA:158,0
DA:159,0
DA:160,0
DA:161,0
DA:162,0
DA:163,0
DA:164,0
DA:165,0
DA:166,0
DA:167,0
DA:168,0
DA:169,0
DA:171,0
DA:172,0
DA:173,0
DA:174,0
DA:175,0
DA:176,0
DA:178,2
DA:179,2
DA:180,0
DA:181,0
DA:182,0
DA:183,0
DA:185,0
DA:186,0
DA:187,0
DA:188,0
DA:189,0
DA:190,0
DA:191,0
DA:193,0
DA:194,0
DA:195,0
DA:196,0
DA:197,0
DA:198,0
DA:199,0
DA:200,0
DA:201,0
DA:202,0
DA:203,0
DA:205,0
DA:206,0
DA:208,0
DA:209,0
DA:210,0
DA:211,0
DA:212,0
DA:213,0
DA:214,0
DA:215,0
DA:216,0
DA:217,0
DA:219,2
DA:220,1
DA:221,1
DA:222,1
DA:223,1
DA:224,1
DA:225,1
DA:226,1
DA:227,0
DA:228,0
DA:229,0
DA:230,0
DA:231,0
DA:232,0
DA:233,0
DA:234,0
DA:235,0
DA:237,0
DA:238,0
DA:239,0
DA:240,0
DA:241,0
DA:243,0
DA:244,1
DA:245,0
DA:246,0
DA:247,1
DA:249,1
DA:250,1
DA:251,1
DA:252,1
DA:253,1
DA:254,1
DA:255,0
DA:256,0
DA:257,0
DA:259,0
DA:260,1
DA:261,0
DA:262,0
DA:263,0
DA:264,0
DA:265,0
DA:266,0
DA:267,0
DA:268,0
DA:269,0
DA:270,0
DA:271,1
DA:272,0
DA:273,0
DA:274,0
DA:275,0
DA:276,0
DA:277,1
DA:278,1
DA:279,2
DA:281,2
DA:282,2
DA:283,1
DA:284,1
DA:286,0
DA:287,0
DA:288,0
DA:289,0
DA:290,0
DA:291,0
DA:292,0
DA:293,0
DA:294,0
DA:295,0
DA:296,0
DA:297,0
DA:298,0
DA:299,0
DA:300,0
DA:301,0
DA:302,0
DA:304,0
DA:305,0
DA:306,0
DA:307,0
DA:308,0
DA:309,0
DA:310,0
DA:311,0
DA:312,0
DA:314,0
DA:315,0
DA:316,0
DA:317,2
DA:319,2
DA:320,2
DA:321,1
DA:322,1
DA:323,0
DA:324,0
DA:325,0
DA:326,0
DA:327,1
DA:329,0
DA:330,0
DA:331,0
DA:332,0
DA:333,0
DA:334,0
DA:335,0
DA:337,0
DA:338,0
DA:339,0
DA:340,0
DA:341,0
DA:342,0
DA:343,0
DA:344,0
DA:346,0
DA:347,0
DA:348,0
DA:349,0
DA:350,0
DA:351,0
DA:352,0
DA:353,0
DA:354,0
DA:355,0
DA:356,0
DA:358,0
DA:359,0
DA:360,0
DA:361,0
DA:362,0
DA:363,0
DA:364,0
DA:365,0
DA:366,0
DA:367,0
DA:368,0
DA:369,0
DA:370,0
DA:371,0
DA:372,0
DA:373,0
DA:374,0
DA:375,0
DA:376,0
DA:377,0
DA:378,0
DA:379,0
DA:380,0
DA:381,0
DA:382,0
DA:383,0
DA:384,0
DA:385,0
DA:387,0
DA:388,0
DA:389,0
DA:390,0
DA:391,0
DA:392,0
DA:393,0
DA:394,0
DA:395,0
DA:396,0
DA:397,0
DA:398,0
DA:399,0
DA:400,0
DA:401,0
DA:402,0
DA:403,0
DA:404,0
DA:405,0
DA:406,0
DA:407,0
DA:408,0
DA:409,0
DA:410,0
DA:411,0
DA:412,0
DA:413,0
DA:414,0
DA:415,0
DA:417,0
DA:418,0
DA:420,0
DA:421,0
DA:422,2
DA:424,2
DA:425,0
DA:426,0
DA:427,0
DA:428,0
DA:429,0
DA:430,0
DA:431,0
DA:432,0
DA:434,2
DA:435,2
DA:436,2
DA:437,2
DA:438,2
DA:439,2
DA:441,2
DA:442,1
DA:443,2
DA:444,2
DA:446,2
DA:447,2
DA:448,2
DA:449,2
DA:450,2
DA:451,2
DA:452,2
DA:453,2
DA:454,2
DA:457,2
DA:458,2
DA:459,2
DA:460,2
DA:461,2
DA:462,2
DA:463,2
DA:464,2
DA:465,2
DA:466,2
DA:471,2
DA:472,2
DA:473,2
DA:474,2
DA:475,2
DA:476,2
DA:477,2
DA:478,2
DA:479,2
DA:480,2
DA:481,2
DA:482,2
DA:483,2
DA:484,2
DA:485,2
DA:486,2
DA:487,2
DA:488,2
DA:489,2
DA:490,2
DA:491,2
DA:492,2
DA:493,2
DA:495,2
DA:497,2
DA:502,2
DA:506,2
DA:507,2
DA:508,2
DA:509,2
DA:510,2
DA:511,2
DA:512,0
DA:513,0
DA:514,0
DA:515,0
DA:516,0
DA:517,0
DA:518,0
DA:519,0
DA:520,0
DA:524,0
DA:525,0
DA:526,0
DA:528,2
DA:529,2
DA:530,2
DA:535,2
DA:536,2
DA:537,2
DA:538,2
DA:539,2
DA:540,0
DA:541,0
DA:542,0
DA:543,0
DA:544,0
DA:545,0
DA:546,0
DA:547,0
DA:548,0
DA:549,0
DA:552,0
DA:553,0
DA:554,0
DA:555,0
DA:556,0
DA:557,0
DA:558,0
DA:559,0
DA:560,0
DA:561,0
DA:562,0
DA:563,0
DA:564,0
DA:565,0
DA:566,0
DA:567,0
DA:569,0
DA:571,0
DA:572,0
DA:573,0
DA:574,0
DA:575,0
DA:576,0
DA:577,0
DA:584,0
DA:588,0
DA:591,2
DA:595,2
DA:596,2
DA:597,2
DA:600,2
DA:605,2
DA:606,2
DA:607,2
DA:608,2
DA:609,2
DA:610,2
DA:611,0
DA:612,0
DA:613,0
DA:614,0
DA:615,0
DA:616,0
DA:617,0
DA:618,0
DA:621,0
DA:622,2
DA:623,2
DA:624,2
DA:625,2
DA:631,2
DA:632,2
DA:633,2
DA:634,2
DA:635,2
DA:636,2
DA:637,2
DA:639,2
DA:640,0
DA:641,0
DA:642,0
DA:643,0
DA:644,0
DA:645,0
DA:648,0
DA:650,2
DA:651,2
DA:652,2
DA:653,2
DA:655,2
DA:656,0
DA:657,0
DA:658,0
DA:659,0
DA:660,0
DA:661,0
DA:664,0
DA:666,2
DA:667,2
DA:672,2
DA:673,2
DA:674,2
DA:675,2
DA:676,2
DA:677,2
DA:678,2
DA:679,2
DA:680,2
DA:681,2
DA:682,2
DA:684,2
DA:685,2
DA:686,2
DA:687,2
DA:688,2
DA:689,2
DA:690,2
DA:691,2
DA:692,2
DA:693,2
DA:694,2
DA:696,2
DA:701,2
DA:710,2
DA:711,2
DA:712,2
DA:713,2
DA:714,2
DA:715,2
DA:716,2
DA:717,2
DA:718,2
DA:721,2
DA:722,2
DA:723,2
DA:724,2
DA:725,2
DA:726,2
DA:729,2
DA:730,2
DA:731,2
DA:734,2
DA:735,2
DA:736,2
DA:737,2
DA:738,2
DA:740,2
DA:741,2
DA:742,2
DA:744,2
DA:745,2
DA:746,2
DA:757,2
DA:759,1
LF:615
LH:261
BRDA:20,0,0,2
BRDA:39,1,0,0
BRDA:39,2,0,0
BRDA:39,3,0,0
BRDA:55,4,0,0
BRDA:99,5,0,0
BRDA:99,6,0,0
BRDA:99,7,0,0
BRDA:441,8,0,1
BRDA:33,9,0,1
BRDA:34,10,0,0
BRDA:36,11,0,0
BRDA:37,12,0,0
BRDA:41,13,0,1
BRDA:52,14,0,1
BRDA:54,15,0,0
BRDA:53,16,0,6
BRDA:53,17,0,0
BRDA:68,18,0,1
BRDA:69,19,0,1
BRDA:71,20,0,0
BRDA:71,21,0,0
BRDA:72,22,0,0
BRDA:72,23,0,0
BRDA:73,24,0,0
BRDA:94,25,0,0
BRDA:102,26,0,1
BRDA:103,27,0,1
BRDA:106,28,0,0
BRDA:114,29,0,0
BRDA:219,30,0,1
BRDA:220,31,0,1
BRDA:222,32,0,0
BRDA:226,33,0,0
BRDA:253,34,0,0
BRDA:254,35,0,0
BRDA:260,36,0,0
BRDA:271,37,0,0
BRDA:282,38,0,1
BRDA:284,39,0,0
BRDA:284,40,0,0
BRDA:320,41,0,1
BRDA:322,42,0,0
BRDA:322,43,0,0
BRDA:327,44,0,0
BRDA:511,45,0,0
BRDA:539,46,0,0
BRDA:639,47,0,0
BRDA:655,48,0,0
BRF:49
BRH:14
end_of_record
TN:
SF:src/pages/Pricing.tsx
FN:5,Pricing
FNF:1
FNH:1
FNDA:1,Pricing
DA:1,1
DA:2,1
DA:3,1
DA:5,1
DA:6,1
DA:7,1
DA:8,1
DA:9,1
DA:10,1
DA:11,1
DA:16,1
DA:18,1
LF:12
LH:12
BRDA:5,0,0,1
BRF:1
BRH:1
end_of_record
TN:
SF:src/pages/Privacy.tsx
FN:3,Privacy
FNF:1
FNH:1
FNDA:1,Privacy
DA:1,1
DA:3,1
DA:4,1
DA:5,1
DA:6,1
DA:7,1
DA:8,1
DA:9,1
DA:11,1
DA:12,1
DA:14,1
DA:15,1
DA:17,1
DA:18,1
DA:20,1
DA:21,1
DA:23,1
DA:24,1
DA:26,1
DA:27,1
DA:31,1
DA:33,1
LF:22
LH:22
BRDA:3,0,0,1
BRF:1
BRH:1
end_of_record
TN:
SF:src/pages/Samples.tsx
FN:5,Samples
FNF:1
FNH:1
FNDA:1,Samples
DA:1,1
DA:2,1
DA:3,1
DA:5,1
DA:6,1
DA:7,1
DA:8,1
DA:9,1
DA:10,1
DA:11,1
DA:16,1
DA:18,1
LF:12
LH:12
BRDA:5,0,0,1
BRF:1
BRH:1
end_of_record
TN:
SF:src/pages/Settings.tsx
FN:18,Settings
FN:53,handleSaveProfile
FN:92,openEditAddress
FN:110,handleSaveEdit
FN:179,fetchAddresses
FN:199,resetAddressForm
FN:214,validateAddress
FN:236,handleAddAddress
FN:280,handleDeleteAddress
FN:291,handleSetDefault
FN:313,fetchPayments
FN:332,formatMoney
FN:341,handleUpdateEmail
FN:365,handleUpdatePassword
FN:402,onChange
FN:406,onChange
FN:410,onChange
FN:414,onChange
FN:426,onOpenChange
FN:434,onChange
FN:438,onChange
FN:442,onChange
FN:446,onChange
FN:450,onChange
FN:454,onChange
FN:458,onChange
FN:462,onChange
FN:466,onChange
FN:470,onChange
FN:473,onCheckedChange
FN:477,onCheckedChange
FN:498,onOpenChange
FN:500,onClick
FN:509,onChange
FN:513,onChange
FN:517,onChange
FN:521,onChange
FN:525,onChange
FN:529,onChange
FN:533,onChange
FN:537,onChange
FN:541,onChange
FN:545,onChange
FN:548,onCheckedChange
FN:552,onCheckedChange
FN:668,onChange
FN:688,onChange
FN:692,onChange
FNF:48
FNH:3
FNDA:3,Settings
FNDA:0,handleSaveProfile
FNDA:0,openEditAddress
FNDA:0,handleSaveEdit
FNDA:1,fetchAddresses
FNDA:0,resetAddressForm
FNDA:0,validateAddress
FNDA:0,handleAddAddress
FNDA:0,handleDeleteAddress
FNDA:0,handleSetDefault
FNDA:1,fetchPayments
FNDA:0,formatMoney
FNDA:0,handleUpdateEmail
FNDA:0,handleUpdatePassword
FNDA:0,onChange
FNDA:0,onChange
FNDA:0,onChange
FNDA:0,onChange
FNDA:0,onOpenChange
FNDA:0,onChange
FNDA:0,onChange
FNDA:0,onChange
FNDA:0,onChange
FNDA:0,onChange
FNDA:0,onChange
FNDA:0,onChange
FNDA:0,onChange
FNDA:0,onChange
FNDA:0,onChange
FNDA:0,onCheckedChange
FNDA:0,onCheckedChange
FNDA:0,onOpenChange
FNDA:0,onClick
FNDA:0,onChange
FNDA:0,onChange
FNDA:0,onChange
FNDA:0,onChange
FNDA:0,onChange
FNDA:0,onChange
FNDA:0,onChange
FNDA:0,onChange
FNDA:0,onChange
FNDA:0,onChange
FNDA:0,onCheckedChange
FNDA:0,onCheckedChange
FNDA:0,onChange
FNDA:0,onChange
FNDA:0,onChange
DA:1,1
DA:2,1
DA:3,1
DA:4,1
DA:5,1
DA:6,1
DA:7,1
DA:8,1
DA:9,1
DA:10,1
DA:11,1
DA:12,1
DA:13,1
DA:14,1
DA:16,1
DA:18,1
DA:19,3
DA:20,3
DA:21,3
DA:23,3
DA:24,3
DA:25,3
DA:26,3
DA:27,3
DA:29,3
DA:30,3
DA:31,3
DA:33,3
DA:35,3
DA:36,1
DA:37,0
DA:38,0
DA:39,3
DA:41,3
DA:42,1
DA:43,0
DA:44,0
DA:45,0
DA:46,0
DA:47,0
DA:48,1
DA:49,0
DA:50,0
DA:51,3
DA:53,3
DA:54,0
DA:55,0
DA:56,0
DA:57,0
DA:58,0
DA:59,0
DA:60,0
DA:61,0
DA:62,0
DA:63,0
DA:64,0
DA:65,0
DA:66,0
DA:67,0
DA:69,0
DA:71,0
DA:72,0
DA:73,0
DA:74,0
DA:75,0
DA:76,0
DA:77,0
DA:79,0
DA:80,0
DA:81,0
DA:82,0
DA:83,0
DA:84,0
DA:85,0
DA:86,0
DA:87,0
DA:88,0
DA:89,0
DA:90,0
DA:92,3
DA:93,0
DA:94,0
DA:95,0
DA:96,0
DA:97,0
DA:98,0
DA:99,0
DA:100,0
DA:101,0
DA:102,0
DA:103,0
DA:104,0
DA:105,0
DA:106,0
DA:107,0
DA:109,3
DA:110,3
DA:111,0
DA:112,0
DA:113,0
DA:114,0
DA:115,0
DA:116,0
DA:117,0
DA:118,0
DA:119,0
DA:120,0
DA:121,0
DA:122,0
DA:123,0
DA:124,0
DA:125,0
DA:126,0
DA:127,0
DA:128,0
DA:129,0
DA:130,0
DA:131,0
DA:132,0
DA:133,0
DA:134,0
DA:135,0
DA:136,0
DA:137,0
DA:138,0
DA:139,0
DA:140,0
DA:141,0
DA:142,0
DA:143,0
DA:144,0
DA:145,0
DA:146,0
DA:147,0
DA:148,0
DA:149,0
DA:150,0
DA:151,0
DA:152,0
DA:153,0
DA:158,3
DA:159,3
DA:160,3
DA:162,3
DA:163,3
DA:164,3
DA:165,3
DA:166,3
DA:167,3
DA:168,3
DA:169,3
DA:170,3
DA:171,3
DA:172,3
DA:173,3
DA:174,3
DA:175,3
DA:176,3
DA:177,3
DA:179,3
DA:180,1
DA:181,1
DA:182,1
DA:183,1
DA:184,1
DA:185,1
DA:186,1
DA:187,0
DA:188,0
DA:189,1
DA:190,1
DA:191,1
DA:193,3
DA:194,1
DA:195,1
DA:196,1
DA:197,3
DA:199,3
DA:200,0
DA:201,0
DA:202,0
DA:203,0
DA:204,0
DA:205,0
DA:206,0
DA:207,0
DA:208,0
DA:209,0
DA:210,0
DA:211,0
DA:212,0
DA:214,3
DA:215,0
DA:216,0
DA:217,0
DA:218,0
DA:219,0
DA:220,0
DA:221,0
DA:222,0
DA:223,0
DA:224,0
DA:225,0
DA:226,0
DA:227,0
DA:228,0
DA:229,0
DA:230,0
DA:231,0
DA:232,0
DA:233,0
DA:234,0
DA:236,3
DA:237,0
DA:238,0
DA:239,0
DA:240,0
DA:241,0
DA:242,0
DA:243,0
DA:244,0
DA:245,0
DA:246,0
DA:247,0
DA:248,0
DA:249,0
DA:250,0
DA:251,0
DA:252,0
DA:253,0
DA:254,0
DA:255,0
DA:256,0
DA:257,0
DA:258,0
DA:259,0
DA:260,0
DA:261,0
DA:262,0
DA:263,0
DA:264,0
DA:265,0
DA:266,0
DA:267,0
DA:268,0
DA:269,0
DA:270,0
DA:271,0
DA:272,0
DA:273,0
DA:274,0
DA:275,0
DA:276,0
DA:277,0
DA:278,0
DA:280,3
DA:281,0
DA:282,0
DA:283,0
DA:284,0
DA:285,0
DA:286,0
DA:287,0
DA:288,0
DA:289,0
DA:291,3
DA:292,0
DA:293,0
DA:294,0
DA:295,0
DA:296,0
DA:297,0
DA:298,0
DA:299,0
DA:300,0
DA:301,0
DA:302,0
DA:303,0
DA:304,0
DA:305,0
DA:306,0
DA:310,3
DA:311,3
DA:313,3
DA:314,1
DA:315,1
DA:316,1
DA:317,1
DA:318,1
DA:319,1
DA:320,0
DA:321,0
DA:322,1
DA:323,1
DA:324,1
DA:326,3
DA:327,1
DA:328,1
DA:329,1
DA:330,3
DA:332,3
DA:333,0
DA:334,0
DA:335,0
DA:336,0
DA:337,0
DA:338,0
DA:339,0
DA:341,3
DA:342,0
DA:343,0
DA:344,0
DA:345,0
DA:346,0
DA:347,0
DA:348,0
DA:349,0
DA:350,0
DA:351,0
DA:352,0
DA:353,0
DA:354,0
DA:355,0
DA:356,0
DA:357,0
DA:358,0
DA:359,0
DA:360,0
DA:362,3
DA:363,3
DA:365,3
DA:366,0
DA:367,0
DA:368,0
DA:369,0
DA:370,0
DA:371,0
DA:372,0
DA:373,0
DA:374,0
DA:375,0
DA:376,0
DA:377,0
DA:378,0
DA:379,0
DA:380,0
DA:381,0
DA:382,0
DA:383,0
DA:384,0
DA:385,0
DA:386,0
DA:387,0
DA:389,3
DA:390,3
DA:391,3
DA:392,3
DA:394,3
DA:395,3
DA:396,3
DA:398,3
DA:399,3
DA:400,3
DA:401,3
DA:402,3
DA:404,3
DA:405,3
DA:406,3
DA:408,3
DA:409,3
DA:410,3
DA:412,3
DA:413,3
DA:414,3
DA:417,3
DA:418,3
DA:419,3
DA:426,3
DA:427,3
DA:428,3
DA:429,3
DA:431,3
DA:432,3
DA:433,3
DA:434,3
DA:436,3
DA:437,3
DA:438,3
DA:440,3
DA:441,3
DA:442,3
DA:444,3
DA:445,3
DA:446,3
DA:448,3
DA:449,3
DA:450,3
DA:452,3
DA:453,3
DA:454,3
DA:456,3
DA:457,3
DA:458,3
DA:460,3
DA:461,3
DA:462,3
DA:464,3
DA:465,3
DA:466,3
DA:468,3
DA:469,3
DA:470,3
DA:472,3
DA:473,3
DA:474,3
DA:476,3
DA:477,3
DA:478,3
DA:481,3
DA:482,3
DA:483,3
DA:489,3
DA:490,3
DA:491,3
DA:493,3
DA:494,3
DA:495,3
DA:498,3
DA:499,3
DA:500,3
DA:502,3
DA:503,3
DA:504,3
DA:506,3
DA:507,3
DA:508,3
DA:509,3
DA:511,3
DA:512,3
DA:513,3
DA:515,3
DA:516,3
DA:517,3
DA:519,3
DA:520,3
DA:521,3
DA:523,3
DA:524,3
DA:525,3
DA:527,3
DA:528,3
DA:529,3
DA:531,3
DA:532,3
DA:533,3
DA:535,3
DA:536,3
DA:537,3
DA:539,3
DA:540,3
DA:541,3
DA:543,3
DA:544,3
DA:545,3
DA:547,3
DA:548,3
DA:549,3
DA:551,3
DA:552,3
DA:553,3
DA:556,3
DA:557,3
DA:558,3
DA:565,3
DA:566,3
DA:567,3
DA:568,3
DA:569,3
DA:570,3
DA:571,3
DA:572,3
DA:575,3
DA:576,3
DA:577,3
DA:578,3
DA:579,3
DA:580,3
DA:581,3
DA:583,3
DA:584,3
DA:585,3
DA:586,3
DA:588,3
DA:589,3
DA:590,3
DA:592,3
DA:593,3
DA:594,3
DA:595,3
DA:597,3
DA:598,3
DA:602,3
DA:603,3
DA:604,3
DA:608,3
DA:609,3
DA:610,3
DA:611,3
DA:621,3
DA:622,3
DA:623,3
DA:625,3
DA:626,3
DA:627,3
DA:628,3
DA:629,3
DA:630,3
DA:631,3
DA:632,3
DA:633,3
DA:634,3
DA:637,3
DA:638,3
DA:639,3
DA:640,3
DA:641,3
DA:642,3
DA:643,3
DA:644,3
DA:647,3
DA:648,3
DA:649,3
DA:650,3
DA:660,3
DA:661,3
DA:662,3
DA:664,3
DA:665,3
DA:666,3
DA:667,3
DA:668,3
DA:669,3
DA:672,3
DA:673,3
DA:674,3
DA:680,3
DA:681,3
DA:682,3
DA:684,3
DA:685,3
DA:686,3
DA:687,3
DA:688,3
DA:690,3
DA:691,3
DA:692,3
DA:695,3
DA:696,3
DA:697,3
DA:703,3
DA:705,3
DA:706,3
DA:707,3
DA:713,3
DA:715,1
LF:565
LH:313
BRDA:18,0,0,3
BRDA:33,1,0,2
BRDA:419,2,0,0
BRDA:419,3,0,2
BRDA:483,4,0,0
BRDA:483,5,0,2
BRDA:558,6,0,0
BRDA:558,7,0,2
BRDA:576,8,0,2
BRDA:608,9,0,0
BRDA:611,10,0,1
BRDA:611,11,0,1
BRDA:638,12,0,2
BRDA:647,13,0,0
BRDA:650,14,0,1
BRDA:650,15,0,1
BRDA:674,16,0,0
BRDA:674,17,0,2
BRDA:697,18,0,0
BRDA:697,19,0,2
BRDA:33,20,0,1
BRDA:33,21,0,0
BRDA:35,22,0,1
BRDA:36,23,0,0
BRDA:41,24,0,1
BRDA:42,25,0,0
BRDA:48,26,0,0
BRDA:48,27,0,0
BRDA:179,28,0,1
BRDA:180,29,0,0
BRDA:186,30,0,0
BRDA:189,31,0,0
BRDA:193,32,0,1
BRDA:313,33,0,1
BRDA:319,34,0,0
BRDA:326,35,0,1
BRF:36
BRH:20
end_of_record
TN:
SF:src/pages/Terms.tsx
FN:3,Terms
FNF:1
FNH:1
FNDA:1,Terms
DA:1,1
DA:3,1
DA:4,1
DA:5,1
DA:6,1
DA:7,1
DA:8,1
DA:9,1
DA:11,1
DA:12,1
DA:14,1
DA:15,1
DA:17,1
DA:18,1
DA:20,1
DA:21,1
DA:23,1
DA:24,1
DA:26,1
DA:27,1
DA:31,1
DA:33,1
LF:22
LH:22
BRDA:3,0,0,1
BRF:1
BRH:1
end_of_record
