TN:
SF:src/App.tsx
FN:1,(empty-report)
FNF:1
FNH:0
FNDA:0,(empty-report)
DA:1,0
DA:2,0
DA:3,0
DA:4,0
DA:5,0
DA:6,0
DA:7,0
DA:8,0
DA:9,0
DA:10,0
DA:11,0
DA:12,0
DA:13,0
DA:14,0
DA:15,0
DA:16,0
DA:17,0
DA:18,0
DA:19,0
DA:20,0
DA:21,0
DA:22,0
DA:23,0
DA:24,0
DA:25,0
DA:26,0
DA:27,0
DA:29,0
DA:31,0
DA:32,0
DA:33,0
DA:34,0
DA:35,0
DA:36,0
DA:37,0
DA:38,0
DA:39,0
DA:40,0
DA:41,0
DA:42,0
DA:43,0
DA:44,0
DA:45,0
DA:46,0
DA:47,0
DA:48,0
DA:49,0
DA:50,0
DA:51,0
DA:52,0
DA:53,0
DA:54,0
DA:55,0
DA:56,0
DA:57,0
DA:59,0
DA:61,0
DA:67,0
LF:58
LH:0
BRDA:1,0,0,0
BRF:1
BRH:0
end_of_record
TN:
SF:src/main.tsx
FN:1,(empty-report)
FNF:1
FNH:0
FNDA:0,(empty-report)
DA:1,0
DA:2,0
DA:3,0
DA:5,0
LF:4
LH:0
BRDA:1,0,0,0
BRF:1
BRH:0
end_of_record
TN:
SF:src/pages/AdminOrderDetail.tsx
FN:51,AdminOrderDetail
FN:61,queryFn
FN:76,queryFn
FN:90,mutationFn
FN:98,onSuccess
FN:103,onError
FN:116,onClick
FN:125,onClick
FN:136,onClick
FN:156,onValueChange
FN:171,onBlur
FNF:11
FNH:1
FNDA:2,AdminOrderDetail
FNDA:0,queryFn
FNDA:0,queryFn
FNDA:0,mutationFn
FNDA:0,onSuccess
FNDA:0,onError
FNDA:0,onClick
FNDA:0,onClick
FNDA:0,onClick
FNDA:0,onValueChange
FNDA:0,onBlur
DA:1,1
DA:14,1
DA:15,1
DA:16,1
DA:17,1
DA:18,1
DA:19,1
DA:20,1
DA:21,1
DA:22,1
DA:51,1
DA:52,2
DA:53,2
DA:54,2
DA:55,2
DA:56,2
DA:57,2
DA:59,2
DA:60,2
DA:61,2
DA:62,0
DA:63,0
DA:64,0
DA:65,0
DA:66,0
DA:67,0
DA:68,0
DA:69,0
DA:70,0
DA:71,2
DA:72,2
DA:74,2
DA:75,2
DA:76,2
DA:77,0
DA:78,0
DA:79,0
DA:80,0
DA:81,0
DA:82,0
DA:83,0
DA:84,0
DA:85,0
DA:86,2
DA:87,2
DA:89,2
DA:90,2
DA:91,0
DA:92,0
DA:93,0
DA:94,0
DA:95,0
DA:96,0
DA:97,0
DA:98,2
DA:99,0
DA:100,0
DA:101,0
DA:102,0
DA:103,2
DA:104,2
DA:106,2
DA:107,1
DA:108,1
DA:110,1
DA:112,2
DA:113,1
DA:114,1
DA:115,1
DA:116,1
DA:119,1
DA:121,0
DA:122,0
DA:123,0
DA:124,0
DA:125,0
DA:128,0
DA:130,0
DA:131,0
DA:132,0
DA:133,0
DA:134,0
DA:135,0
DA:136,0
DA:137,0
DA:138,0
DA:139,0
DA:140,0
DA:141,0
DA:142,0
DA:144,0
DA:146,0
DA:147,0
DA:148,2
DA:152,2
DA:153,2
DA:154,2
DA:155,2
DA:156,2
DA:157,2
DA:158,2
DA:159,2
DA:162,2
DA:165,2
DA:166,2
DA:167,2
DA:168,2
DA:169,2
DA:170,2
DA:171,2
DA:177,2
DA:178,2
DA:179,2
DA:180,2
DA:181,0
DA:182,0
DA:183,0
DA:184,0
DA:185,0
DA:188,0
DA:192,2
DA:193,2
DA:194,2
DA:195,2
DA:196,2
DA:197,2
DA:198,2
DA:200,2
DA:201,2
DA:202,2
DA:206,2
DA:207,2
DA:214,2
LF:133
LH:76
BRDA:51,0,0,2
BRDA:106,1,0,1
BRDA:106,2,0,1
BRDA:112,3,0,1
BRDA:119,4,0,0
BRDA:148,5,0,0
BRDA:148,6,0,0
BRDA:148,7,0,0
BRDA:169,8,0,0
BRDA:195,9,0,0
BRDA:206,10,0,0
BRF:11
BRH:4
end_of_record
TN:
SF:src/pages/CaseStudies.tsx
FN:8,CaseStudies
FNF:1
FNH:1
FNDA:1,CaseStudies
DA:1,1
DA:2,1
DA:3,1
DA:4,1
DA:5,1
DA:6,1
DA:8,1
DA:9,1
DA:10,1
DA:11,1
DA:12,1
DA:13,1
DA:14,1
DA:15,1
DA:18,1
DA:19,1
DA:20,1
DA:21,1
DA:22,1
DA:26,1
DA:27,1
DA:28,1
DA:29,1
DA:30,1
DA:31,1
DA:33,1
DA:34,1
DA:35,1
DA:36,1
DA:39,1
DA:40,1
DA:41,1
DA:42,1
DA:44,1
DA:46,1
DA:47,1
DA:48,1
DA:49,1
DA:50,1
DA:51,1
DA:52,1
DA:55,1
DA:56,1
DA:57,1
DA:58,1
DA:59,1
DA:62,1
DA:63,1
DA:64,1
DA:65,1
DA:66,1
DA:78,1
DA:80,1
LF:53
LH:53
BRDA:8,0,0,1
BRF:1
BRH:1
end_of_record
TN:
SF:src/pages/CaseStudyArticle.tsx
FN:11,useCountUp
FN:18,step
FN:28,parseLeadingNumber
FN:33,CaseStudyArticle
FNF:4
FNH:4
FNDA:3,useCountUp
FNDA:3,step
FNDA:3,parseLeadingNumber
FNDA:1,CaseStudyArticle
DA:1,1
DA:2,1
DA:3,1
DA:4,1
DA:5,1
DA:6,1
DA:7,1
DA:8,1
DA:9,1
DA:11,1
DA:12,3
DA:13,3
DA:14,3
DA:15,3
DA:16,3
DA:17,3
DA:18,3
DA:19,3
DA:20,3
DA:21,3
DA:22,3
DA:23,3
DA:24,3
DA:25,3
DA:26,3
DA:28,1
DA:29,3
DA:30,3
DA:31,3
DA:33,1
DA:34,1
DA:35,1
DA:36,1
DA:37,1
DA:40,1
DA:41,1
DA:42,1
DA:44,1
DA:45,1
DA:46,1
DA:47,1
DA:48,1
DA:49,1
DA:50,1
DA:51,1
DA:53,1
DA:54,1
DA:55,1
DA:58,1
DA:59,1
DA:61,1
DA:62,1
DA:63,1
DA:65,1
DA:66,1
DA:68,1
DA:69,1
DA:70,1
DA:71,1
DA:73,1
DA:74,1
DA:77,1
DA:78,1
DA:79,1
DA:81,1
DA:82,1
DA:85,1
DA:86,1
DA:87,1
DA:89,1
DA:90,1
DA:98,1
DA:99,1
DA:101,1
DA:102,1
DA:103,1
DA:104,1
DA:106,1
DA:107,1
DA:108,1
DA:113,1
DA:114,1
DA:115,1
DA:116,1
DA:118,1
DA:119,1
DA:122,1
DA:123,1
DA:124,1
DA:126,1
DA:127,1
DA:132,1
DA:133,1
DA:134,1
DA:136,1
DA:137,1
DA:142,1
DA:143,1
DA:144,1
DA:146,1
DA:147,1
DA:148,1
DA:149,1
DA:150,1
DA:151,1
DA:152,1
DA:154,1
DA:162,1
DA:163,1
DA:164,1
DA:166,1
DA:167,1
DA:168,1
DA:169,1
DA:170,1
DA:171,1
DA:172,1
DA:173,1
DA:174,1
DA:175,1
DA:176,1
DA:177,1
DA:178,1
DA:180,1
DA:181,1
DA:182,1
DA:193,1
DA:194,1
DA:195,1
DA:196,1
DA:198,1
DA:199,1
DA:200,1
DA:201,1
DA:202,1
DA:203,1
DA:204,1
DA:205,1
DA:206,1
DA:212,1
DA:213,1
DA:214,1
DA:216,1
DA:217,1
DA:218,1
DA:219,1
DA:220,1
DA:225,1
DA:226,1
DA:227,1
DA:229,1
DA:230,1
DA:231,1
DA:232,1
DA:233,1
DA:242,1
DA:244,1
LF:157
LH:157
BRDA:11,0,0,3
BRDA:14,1,0,3
BRDA:15,2,0,0
BRDA:18,3,0,3
BRDA:28,4,0,3
BRDA:30,5,0,0
BRDA:33,6,0,1
BRDA:40,7,0,0
BRDA:41,8,0,0
BRDA:42,9,0,0
BRDA:48,10,0,0
BRDA:48,11,0,0
BRDA:59,12,0,0
BRDA:62,13,0,0
BRDA:63,14,0,0
BRDA:66,15,0,0
BRDA:71,16,0,0
BRDA:74,17,0,0
BRDA:74,18,0,0
BRDA:79,19,0,0
BRDA:82,20,0,0
BRDA:82,21,0,0
BRDA:87,22,0,0
BRDA:90,23,0,0
BRDA:90,24,0,0
BRDA:36,25,0,1
BRDA:36,26,0,3
BRDA:178,27,0,6
BRF:28
BRH:8
end_of_record
TN:
SF:src/pages/Catalog.tsx
FN:5,Catalog
FNF:1
FNH:1
FNDA:2,Catalog
DA:1,1
DA:2,1
DA:3,1
DA:5,1
DA:6,2
DA:7,2
DA:8,2
DA:9,2
DA:10,2
DA:11,2
DA:16,2
DA:18,1
LF:12
LH:12
BRDA:5,0,0,2
BRF:1
BRH:1
end_of_record
TN:
SF:src/pages/Customize.tsx
FN:5,Customize
FNF:1
FNH:1
FNDA:1,Customize
DA:1,1
DA:2,1
DA:3,1
DA:5,1
DA:6,1
DA:7,1
DA:8,1
DA:9,1
DA:10,1
DA:11,1
DA:12,1
DA:14,1
DA:15,1
DA:18,1
DA:19,1
DA:24,1
DA:26,1
LF:17
LH:17
BRDA:5,0,0,1
BRF:1
BRH:1
end_of_record
TN:
SF:src/pages/Dashboard.tsx
FN:9,Dashboard
FN:40,onClick
FN:71,onClick
FNF:3
FNH:1
FNDA:1,Dashboard
FNDA:0,onClick
FNDA:0,onClick
DA:1,1
DA:2,1
DA:3,1
DA:4,1
DA:5,1
DA:6,1
DA:7,1
DA:9,1
DA:10,1
DA:11,1
DA:13,1
DA:14,1
DA:15,1
DA:16,0
DA:17,0
DA:18,0
DA:19,1
DA:21,1
DA:23,1
DA:24,1
DA:25,1
DA:26,1
DA:27,1
DA:28,1
DA:30,1
DA:31,1
DA:32,1
DA:35,1
DA:36,1
DA:37,1
DA:38,1
DA:39,1
DA:40,1
DA:42,1
DA:43,1
DA:44,1
DA:45,1
DA:47,1
DA:48,1
DA:49,1
DA:50,1
DA:51,1
DA:52,1
DA:53,1
DA:55,1
DA:56,1
DA:57,1
DA:67,1
DA:68,1
DA:69,1
DA:70,1
DA:71,1
DA:73,1
DA:74,1
DA:75,1
DA:76,1
DA:78,1
DA:79,1
DA:80,1
DA:81,1
DA:82,1
DA:83,1
DA:84,1
DA:86,1
DA:87,1
DA:88,1
DA:98,1
DA:99,1
DA:100,1
DA:104,1
DA:110,1
DA:112,1
LF:72
LH:69
BRDA:9,0,0,1
BRDA:13,1,0,1
BRDA:15,2,0,0
BRDA:21,3,0,1
BRF:4
BRH:3
end_of_record
TN:
SF:src/pages/Designers.tsx
FN:5,Designers
FNF:1
FNH:1
FNDA:1,Designers
DA:1,1
DA:2,1
DA:3,1
DA:5,1
DA:6,1
DA:7,1
DA:8,1
DA:9,1
DA:10,1
DA:11,1
DA:16,1
DA:18,1
LF:12
LH:12
BRDA:5,0,0,1
BRF:1
BRH:1
end_of_record
TN:
SF:src/pages/Index.tsx
FN:10,Index
FNF:1
FNH:1
FNDA:2,Index
DA:1,1
DA:2,1
DA:3,1
DA:4,1
DA:5,1
DA:6,1
DA:7,1
DA:8,1
DA:10,1
DA:11,2
DA:12,2
DA:13,2
DA:15,2
DA:16,2
DA:19,2
DA:20,2
DA:24,2
DA:25,2
DA:27,2
DA:28,2
DA:30,2
DA:31,2
DA:34,2
DA:35,2
DA:36,2
DA:41,2
DA:43,1
LF:27
LH:27
BRDA:10,0,0,2
BRF:1
BRH:1
end_of_record
TN:
SF:src/pages/NotFound.tsx
FN:4,NotFound
FNF:1
FNH:1
FNDA:1,NotFound
DA:1,1
DA:2,1
DA:4,1
DA:5,1
DA:7,1
DA:8,1
DA:9,1
DA:10,1
DA:12,1
DA:14,1
DA:15,1
DA:16,1
DA:17,1
DA:18,1
DA:19,1
DA:25,1
DA:27,1
LF:17
LH:17
BRDA:4,0,0,1
BRDA:7,1,0,1
BRF:2
BRH:2
end_of_record
TN:
SF:src/pages/Pricing.tsx
FN:5,Pricing
FNF:1
FNH:1
FNDA:1,Pricing
DA:1,1
DA:2,1
DA:3,1
DA:5,1
DA:6,1
DA:7,1
DA:8,1
DA:9,1
DA:10,1
DA:11,1
DA:16,1
DA:18,1
LF:12
LH:12
BRDA:5,0,0,1
BRF:1
BRH:1
end_of_record
TN:
SF:src/pages/Privacy.tsx
FN:3,Privacy
FNF:1
FNH:1
FNDA:1,Privacy
DA:1,1
DA:3,1
DA:4,1
DA:5,1
DA:6,1
DA:7,1
DA:8,1
DA:9,1
DA:11,1
DA:12,1
DA:14,1
DA:15,1
DA:17,1
DA:18,1
DA:20,1
DA:21,1
DA:23,1
DA:24,1
DA:26,1
DA:27,1
DA:31,1
DA:33,1
LF:22
LH:22
BRDA:3,0,0,1
BRF:1
BRH:1
end_of_record
TN:
SF:src/pages/Samples.tsx
FN:5,Samples
FNF:1
FNH:1
FNDA:1,Samples
DA:1,1
DA:2,1
DA:3,1
DA:5,1
DA:6,1
DA:7,1
DA:8,1
DA:9,1
DA:10,1
DA:11,1
DA:16,1
DA:18,1
LF:12
LH:12
BRDA:5,0,0,1
BRF:1
BRH:1
end_of_record
TN:
SF:src/pages/Terms.tsx
FN:3,Terms
FNF:1
FNH:1
FNDA:1,Terms
DA:1,1
DA:3,1
DA:4,1
DA:5,1
DA:6,1
DA:7,1
DA:8,1
DA:9,1
DA:11,1
DA:12,1
DA:14,1
DA:15,1
DA:17,1
DA:18,1
DA:20,1
DA:21,1
DA:23,1
DA:24,1
DA:26,1
DA:27,1
DA:31,1
DA:33,1
LF:22
LH:22
BRDA:3,0,0,1
BRF:1
BRH:1
end_of_record
